[INFO ] 2022-12-19 22:14:10.976 [main] LoggingAspect - Before -> Method: ProjectController.getProjects(), User: ozzy
[INFO ] 2022-12-19 22:14:11.211 [main] LoggingAspect - After Returning -> Method: ProjectController.getProjects(), User: ozzy, Results: <200 OK OK,com.cydeo.dto.ResponseWrapper@7a62e096,[]>
[INFO ] 2022-12-19 22:37:05.290 [http-nio-8081-exec-1] LoggingAspect - Before -> Method: ProjectController.getProjects(), User: ozzy
[INFO ] 2022-12-19 22:37:05.403 [http-nio-8081-exec-1] LoggingAspect - After Returning -> Method: ProjectController.getProjects(), User: ozzy, Results: <200 OK OK,com.cydeo.dto.ResponseWrapper@3fae3fe9,[]>
[INFO ] 2022-12-19 22:48:25.614 [main] LoggingAspect - Before -> Method: ProjectController.getProjects(), User: ozzy
[INFO ] 2022-12-19 22:48:26.157 [main] LoggingAspect - After Returning -> Method: ProjectController.getProjects(), User: ozzy, Results: <200 OK OK,com.cydeo.dto.ResponseWrapper@401b7109,[]>
[INFO ] 2022-12-19 23:45:22.205 [main] LoggingAspect - Before -> Method: ProjectController.createProject(..), User: ozzy
[INFO ] 2022-12-19 23:45:22.426 [main] LoggingAspect - After Returning -> Method: ProjectController.createProject(..), User: ozzy, Results: <201 CREATED Created,com.cydeo.dto.ResponseWrapper@3a516e4d,[]>
[INFO ] 2022-12-19 23:55:20.344 [main] LoggingAspect - Before -> Method: ProjectController.createProject(..), User: ozzy
[INFO ] 2022-12-19 23:55:20.559 [main] LoggingAspect - After Returning -> Method: ProjectController.createProject(..), User: ozzy, Results: <201 CREATED Created,com.cydeo.dto.ResponseWrapper@22c5652b,[]>
[INFO ] 2022-12-20 00:26:31.274 [main] LoggingAspect - Before -> Method: ProjectController.updateProject(..), User: ozzy
[INFO ] 2022-12-20 00:26:31.684 [main] LoggingAspect - After Returning -> Method: ProjectController.updateProject(..), User: ozzy, Results: null
[INFO ] 2022-12-20 00:35:31.953 [main] LoggingAspect - Before -> Method: ProjectController.updateProject(..), User: ozzy
[INFO ] 2022-12-20 00:35:32.099 [main] LoggingAspect - After Returning -> Method: ProjectController.updateProject(..), User: ozzy, Results: null
[INFO ] 2022-12-20 00:36:43.442 [main] LoggingAspect - Before -> Method: ProjectController.createProject(..), User: ozzy
[INFO ] 2022-12-20 00:36:43.675 [main] LoggingAspect - After Returning -> Method: ProjectController.createProject(..), User: ozzy, Results: <201 CREATED Created,com.cydeo.dto.ResponseWrapper@78181f7f,[]>
[INFO ] 2022-12-20 00:37:11.912 [main] LoggingAspect - Before -> Method: ProjectController.updateProject(..), User: ozzy
[INFO ] 2022-12-20 00:37:12.215 [main] LoggingAspect - After Returning -> Method: ProjectController.updateProject(..), User: ozzy, Results: <200 OK OK,com.cydeo.dto.ResponseWrapper@50d8b30,[]>
[INFO ] 2022-12-20 00:38:10.052 [main] LoggingAspect - Before -> Method: ProjectController.updateProject(..), User: ozzy
[INFO ] 2022-12-20 00:38:10.323 [main] LoggingAspect - After Returning -> Method: ProjectController.updateProject(..), User: ozzy, Results: <200 OK OK,com.cydeo.dto.ResponseWrapper@64b262a7,[]>
[INFO ] 2022-12-20 00:41:10.921 [main] LoggingAspect - Before -> Method: ProjectController.updateProject(..), User: ozzy
[INFO ] 2022-12-20 00:41:11.285 [main] LoggingAspect - After Returning -> Method: ProjectController.updateProject(..), User: ozzy, Results: <200 OK OK,com.cydeo.dto.ResponseWrapper@3022287e,[]>
[INFO ] 2022-12-20 00:51:34.131 [main] LoggingAspect - Before -> Method: ProjectController.deleteProject(..), User: ozzy
[INFO ] 2022-12-20 00:51:34.483 [main] LoggingAspect - After Returning -> Method: ProjectController.deleteProject(..), User: ozzy, Results: <200 OK OK,com.cydeo.dto.ResponseWrapper@4df3b838,[]>
[INFO ] 2022-12-20 18:48:17.463 [http-nio-8081-exec-2] LoggingAspect - Before -> Method: ProjectController.getProjects(), User: ozzy
[INFO ] 2022-12-20 18:48:17.697 [http-nio-8081-exec-2] LoggingAspect - After Returning -> Method: ProjectController.getProjects(), User: ozzy, Results: <200 OK OK,com.cydeo.dto.ResponseWrapper@25845082,[]>
[INFO ] 2022-12-22 03:17:28.966 [main] LoggingAspect - Before -> Method: ProjectController.getProjects(), User: ozzy
[INFO ] 2022-12-22 03:17:29.173 [main] LoggingAspect - After Returning -> Method: ProjectController.getProjects(), User: ozzy, Results: <200 OK OK,com.cydeo.dto.ResponseWrapper@243b8682,[]>
